#! /home/gamer/oss-cad-suite/bin/vvp
:ivl_version "12.0 (devel)" "(s20150603-1626-g3b711ed78)";
:ivl_delay_selection "TYPICAL";
:vpi_time_precision + 0;
:vpi_module "/home/gamer/oss-cad-suite/lib/ivl/system.vpi";
:vpi_module "/home/gamer/oss-cad-suite/lib/ivl/vhdl_sys.vpi";
:vpi_module "/home/gamer/oss-cad-suite/lib/ivl/vhdl_textio.vpi";
:vpi_module "/home/gamer/oss-cad-suite/lib/ivl/v2005_math.vpi";
:vpi_module "/home/gamer/oss-cad-suite/lib/ivl/va_math.vpi";
S_0x555555b4b6e0 .scope module, "shiftLeft" "shiftLeft" 2 4;
 .timescale 0 0;
    .port_info 0 /INPUT 5 "shamt";
    .port_info 1 /INPUT 32 "dIn0";
    .port_info 2 /OUTPUT 32 "dOut";
P_0x555555b4b870 .param/l "NUM_SIZE" 0 2 6, +C4<00000000000000000000000000100000>;
o0x7f339867d018 .functor BUFZ 32, C4<zzzzzzzzzzzzzzzzzzzzzzzzzzzzzzzz>; HiZ drive
v0x555555b4a1d0_0 .net "dIn0", 31 0, o0x7f339867d018;  0 drivers
v0x555555b4bdd0_0 .net "dOut", 31 0, L_0x555555b60b60;  1 drivers
o0x7f339867d078 .functor BUFZ 5, C4<zzzzz>; HiZ drive
v0x555555b13270_0 .net "shamt", 4 0, o0x7f339867d078;  0 drivers
L_0x555555b60b60 .shift/l 32, o0x7f339867d018, o0x7f339867d078;
S_0x555555b4b960 .scope module, "shiftTB" "shiftTB" 3 4;
 .timescale 0 0;
P_0x555555b35650 .param/l "NUM_SIZE" 0 3 7, +C4<00000000000000000000000000100000>;
P_0x555555b35690 .param/l "NUM_TESTS" 0 3 8, +C4<00000000000000000000000000001010>;
v0x555555b607e0_0 .var "dIn0", 31 0;
v0x555555b608d0_0 .net "dOut", 31 0, L_0x555555b60c90;  1 drivers
v0x555555b609a0_0 .var/i "i", 31 0;
v0x555555b60a70_0 .var "shamt", 4 0;
S_0x555555b60210 .scope module, "dut" "shiftRight" 3 18, 4 4 0, S_0x555555b4b960;
 .timescale 0 0;
    .port_info 0 /INPUT 5 "shamt";
    .port_info 1 /INPUT 32 "dIn0";
    .port_info 2 /OUTPUT 32 "dOut";
P_0x555555b603f0 .param/l "NUM_SIZE" 0 4 6, +C4<00000000000000000000000000100000>;
v0x555555b13030_0 .net "dIn0", 31 0, v0x555555b607e0_0;  1 drivers
v0x555555b60590_0 .net "dOut", 31 0, L_0x555555b60c90;  alias, 1 drivers
v0x555555b60670_0 .net "shamt", 4 0, v0x555555b60a70_0;  1 drivers
L_0x555555b60c90 .shift/r 32, v0x555555b607e0_0, v0x555555b60a70_0;
    .scope S_0x555555b4b960;
T_0 ;
    %vpi_call 3 28 "$display", "Starting testbench..." {0 0 0};
    %pushi/vec4 0, 0, 32;
    %store/vec4 v0x555555b609a0_0, 0, 32;
T_0.0 ;
    %load/vec4 v0x555555b609a0_0;
    %cmpi/s 10, 0, 32;
    %jmp/0xz T_0.1, 5;
    %vpi_func 3 34 "$random" 32 {0 0 0};
    %store/vec4 v0x555555b607e0_0, 0, 32;
    %vpi_func 3 37 "$random" 32 {0 0 0};
    %pushi/vec4 32, 0, 32;
    %mod/s;
    %pad/s 5;
    %store/vec4 v0x555555b60a70_0, 0, 5;
    %vpi_call 3 40 "$display", "index %0d: Input: %b, Shift: %d, Output: %b", v0x555555b609a0_0, v0x555555b607e0_0, v0x555555b60a70_0, v0x555555b608d0_0 {0 0 0};
    %delay 10, 0;
    %load/vec4 v0x555555b609a0_0;
    %addi 1, 0, 32;
    %store/vec4 v0x555555b609a0_0, 0, 32;
    %jmp T_0.0;
T_0.1 ;
    %vpi_call 3 46 "$display", "Testbench completed." {0 0 0};
    %vpi_call 3 47 "$finish" {0 0 0};
    %end;
    .thread T_0;
# The file index is used to find the file name in the following table.
:file_names 5;
    "N/A";
    "<interactive>";
    "./shiftLeft.v";
    "shiftTB.v";
    "./shiftRight.v";
